#
# There is insufficient memory for the Java Runtime Environment to continue.
# Native memory allocation (malloc) failed to allocate 1215696 bytes. Error detail: Chunk::new
# Possible reasons:
#   The system is out of physical RAM or swap space
#   This process is running with CompressedOops enabled, and the Java Heap may be blocking the growth of the native heap
# Possible solutions:
#   Reduce memory load on the system
#   Increase physical memory or swap space
#   Check if swap backing store is full
#   Decrease Java heap size (-Xmx/-Xms)
#   Decrease number of Java threads
#   Decrease Java thread stack sizes (-Xss)
#   Set larger code cache with -XX:ReservedCodeCacheSize=
#   JVM is running with Unscaled Compressed Oops mode in which the Java heap is
#     placed in the first 4GB address space. The Java Heap base address is the
#     maximum limit for the native heap growth. Please use -XX:HeapBaseMinAddress
#     to set the Java Heap base and to place the Java Heap above 4GB virtual address.
# This output file may be truncated or incomplete.
#
#  Out of Memory Error (arena.cpp:149), pid=1104, tid=5304
#
# JRE version: OpenJDK Runtime Environment (23.0.1+11) (build 23.0.1+11-39)
# Java VM: OpenJDK 64-Bit Server VM (23.0.1+11-39, mixed mode, sharing, tiered, compressed oops, compressed class ptrs, g1 gc, windows-amd64)
# No core dump will be written. Minidumps are not enabled by default on client versions of Windows
#

---------------  S U M M A R Y ------------

Command Line: --module-path=C:\javafx-sdk-24\lib --add-modules=javafx.controls,javafx.fxml -javaagent:C:\Program Files\JetBrains\IntelliJ IDEA 2024.3.5\lib\idea_rt.jar=51157 -Dfile.encoding=UTF-8 -Dsun.stdout.encoding=UTF-8 -Dsun.stderr.encoding=UTF-8 com.example.gestaooleos.UI.MainApp

Host: 11th Gen Intel(R) Core(TM) i5-1135G7 @ 2.40GHz, 8 cores, 7G,  Windows 11 , 64 bit Build 26100 (10.0.26100.3624)
Time: Wed Apr  9 15:38:41 2025 Hora de Verão de GMT elapsed time: 1.587434 seconds (0d 0h 0m 1s)

---------------  T H R E A D  ---------------

Current thread (0x0000025a54194520):  JavaThread "C2 CompilerThread2" daemon [_thread_in_native, id=5304, stack(0x000000bbfdf00000,0x000000bbfe000000) (1024K)]


Current CompileTask:
C2:1587  338       4       java.util.stream.ReferencePipeline$3$1::accept (23 bytes)

Stack: [0x000000bbfdf00000,0x000000bbfe000000]
Native frames: (J=compiled Java code, j=interpreted, Vv=VM code, C=native code)
V  [jvm.dll+0x6e08b9]  (no source info available)
V  [jvm.dll+0x87dc83]  (no source info available)
V  [jvm.dll+0x88010e]  (no source info available)
V  [jvm.dll+0x8807e3]  (no source info available)
V  [jvm.dll+0x27aee6]  (no source info available)
V  [jvm.dll+0xbc06f]  (no source info available)
V  [jvm.dll+0xbc2cb]  (no source info available)
V  [jvm.dll+0x2ee94d]  (no source info available)
V  [jvm.dll+0x6063d9]  (no source info available)
V  [jvm.dll+0x24ddf2]  (no source info available)
V  [jvm.dll+0x24e1d5]  (no source info available)
V  [jvm.dll+0x246b54]  (no source info available)
V  [jvm.dll+0x243d04]  (no source info available)
V  [jvm.dll+0x1c33a0]  (no source info available)
V  [jvm.dll+0x253cf1]  (no source info available)
V  [jvm.dll+0x251faa]  (no source info available)
V  [jvm.dll+0x3ee036]  (no source info available)
V  [jvm.dll+0x824f8b]  (no source info available)
V  [jvm.dll+0x6df065]  (no source info available)
C  [ucrtbase.dll+0x37b0]  (no source info available)
C  [KERNEL32.DLL+0x2e8d7]  (no source info available)
C  [ntdll.dll+0xb14fc]  (no source info available)

Lock stack of current Java thread (top to bottom):


---------------  P R O C E S S  ---------------

Threads class SMR info:
_java_thread_list=0x0000025a5432fab0, length=14, elements={
0x0000025a6eafe0d0, 0x0000025a7eb0eed0, 0x0000025a7eb10740, 0x0000025a7eb163d0,
0x0000025a7eb17270, 0x0000025a7eb1a290, 0x0000025a7eb1cfc0, 0x0000025a7eb22800,
0x0000025a7eb27a80, 0x0000025a540b6b30, 0x0000025a540ef0c0, 0x0000025a54194520,
0x0000025a54c76410, 0x0000025a54c76d20
}

Java Threads: ( => current thread )
  0x0000025a6eafe0d0 JavaThread "main"                              [_thread_in_native, id=20048, stack(0x000000bbfcd00000,0x000000bbfce00000) (1024K)]
  0x0000025a7eb0eed0 JavaThread "Reference Handler"          daemon [_thread_blocked, id=24320, stack(0x000000bbfd500000,0x000000bbfd600000) (1024K)]
  0x0000025a7eb10740 JavaThread "Finalizer"                  daemon [_thread_blocked, id=11788, stack(0x000000bbfd600000,0x000000bbfd700000) (1024K)]
  0x0000025a7eb163d0 JavaThread "Signal Dispatcher"          daemon [_thread_blocked, id=10692, stack(0x000000bbfd700000,0x000000bbfd800000) (1024K)]
  0x0000025a7eb17270 JavaThread "Attach Listener"            daemon [_thread_in_vm, id=15784, stack(0x000000bbfd800000,0x000000bbfd900000) (1024K)]
  0x0000025a7eb1a290 JavaThread "Service Thread"             daemon [_thread_blocked, id=23044, stack(0x000000bbfd900000,0x000000bbfda00000) (1024K)]
  0x0000025a7eb1cfc0 JavaThread "Monitor Deflation Thread"   daemon [_thread_blocked, id=19720, stack(0x000000bbfda00000,0x000000bbfdb00000) (1024K)]
  0x0000025a7eb22800 JavaThread "C2 CompilerThread0"         daemon [_thread_blocked, id=8512, stack(0x000000bbfdb00000,0x000000bbfdc00000) (1024K)]
  0x0000025a7eb27a80 JavaThread "C1 CompilerThread0"         daemon [_thread_blocked, id=19168, stack(0x000000bbfdc00000,0x000000bbfdd00000) (1024K)]
  0x0000025a540b6b30 JavaThread "Common-Cleaner"             daemon [_thread_blocked, id=9832, stack(0x000000bbfdd00000,0x000000bbfde00000) (1024K)]
  0x0000025a540ef0c0 JavaThread "C2 CompilerThread1"         daemon [_thread_blocked, id=15288, stack(0x000000bbfde00000,0x000000bbfdf00000) (1024K)]
=>0x0000025a54194520 JavaThread "C2 CompilerThread2"         daemon [_thread_in_native, id=5304, stack(0x000000bbfdf00000,0x000000bbfe000000) (1024K)]
  0x0000025a54c76410 JavaThread "Monitor Ctrl-Break"         daemon [_thread_in_native, id=13096, stack(0x000000bbfe000000,0x000000bbfe100000) (1024K)]
  0x0000025a54c76d20 JavaThread "Notification Thread"        daemon [_thread_blocked, id=22116, stack(0x000000bbfe200000,0x000000bbfe300000) (1024K)]
Total: 14

Other Threads:
  0x0000025a7eaf45a0 VMThread "VM Thread"                           [id=3452, stack(0x000000bbfd400000,0x000000bbfd500000) (1024K)]
  0x0000025a7eadddc0 WatcherThread "VM Periodic Task Thread"        [id=23404, stack(0x000000bbfd300000,0x000000bbfd400000) (1024K)]
  0x0000025a70eaaec0 WorkerThread "GC Thread#0"                     [id=18668, stack(0x000000bbfce00000,0x000000bbfcf00000) (1024K)]
  0x0000025a70ec0250 ConcurrentGCThread "G1 Main Marker"            [id=144, stack(0x000000bbfcf00000,0x000000bbfd000000) (1024K)]
  0x0000025a70ec1500 WorkerThread "G1 Conc#0"                       [id=20668, stack(0x000000bbfd000000,0x000000bbfd100000) (1024K)]
  0x0000025a70f0e6a0 ConcurrentGCThread "G1 Refine#0"               [id=16212, stack(0x000000bbfd100000,0x000000bbfd200000) (1024K)]
  0x0000025a7e9ad3b0 ConcurrentGCThread "G1 Service"                [id=8204, stack(0x000000bbfd200000,0x000000bbfd300000) (1024K)]
Total: 7

Threads with active compile tasks:
C2 CompilerThread2  1692  338       4       java.util.stream.ReferencePipeline$3$1::accept (23 bytes)
Total: 1

VM state: not at safepoint (normal execution)

VM Mutex/Monitor currently owned by a thread: None

Heap address: 0x0000000084c00000, size: 1972 MB, Compressed Oops mode: 32-bit

CDS archive(s) mapped at: [0x0000025a0f000000-0x0000025a0fd70000-0x0000025a0fd70000), size 14090240, SharedBaseAddress: 0x0000025a0f000000, ArchiveRelocationMode: 1.
Compressed class space mapped at: 0x0000025a10000000-0x0000025a50000000, reserved size: 1073741824
Narrow klass base: 0x0000025a0f000000, Narrow klass shift: 0, Narrow klass range: 0x41000000

GC Precious Log:
 CardTable entry size: 512
 Card Set container configuration: InlinePtr #cards 5 size 8 Array Of Cards #cards 10 size 36 Howl #buckets 4 coarsen threshold 1843 Howl Bitmap #cards 512 size 80 coarsen threshold 460 Card regions per heap region 1 cards per card region 2048
 CPUs: 8 total, 8 available
 Memory: 7886M
 Large Page Support: Disabled
 NUMA Support: Disabled
 Compressed Oops: Enabled (32-bit)
 Heap Region Size: 1M
 Heap Min Capacity: 8M
 Heap Initial Capacity: 124M
 Heap Max Capacity: 1972M
 Pre-touch: Disabled
 Parallel Workers: 8
 Concurrent Workers: 2
 Concurrent Refinement Workers: 8
 Periodic GC: Disabled

Heap:
 garbage-first heap   total reserved 2019328K, committed 126976K, used 14336K [0x0000000084c00000, 0x0000000100000000)
  region size 1024K, 16 young (16384K), 0 survivors (0K)
 Metaspace       used 3188K, committed 3392K, reserved 1114112K
  class space    used 347K, committed 448K, reserved 1048576K

Heap Regions: E=young(eden), S=young(survivor), O=old, HS=humongous(starts), HC=humongous(continues), CS=collection set, F=free, TAMS=top-at-mark-start, PB=parsable bottom
|   0|0x0000000084c00000, 0x0000000084c00000, 0x0000000084d00000|  0%| F|  |TAMS 0x0000000084c00000| PB 0x0000000084c00000| Untracked |  0
|   1|0x0000000084d00000, 0x0000000084d00000, 0x0000000084e00000|  0%| F|  |TAMS 0x0000000084d00000| PB 0x0000000084d00000| Untracked |  0
|   2|0x0000000084e00000, 0x0000000084e00000, 0x0000000084f00000|  0%| F|  |TAMS 0x0000000084e00000| PB 0x0000000084e00000| Untracked |  0
|   3|0x0000000084f00000, 0x0000000084f00000, 0x0000000085000000|  0%| F|  |TAMS 0x0000000084f00000| PB 0x0000000084f00000| Untracked |  0
|   4|0x0000000085000000, 0x0000000085000000, 0x0000000085100000|  0%| F|  |TAMS 0x0000000085000000| PB 0x0000000085000000| Untracked |  0
|   5|0x0000000085100000, 0x0000000085100000, 0x0000000085200000|  0%| F|  |TAMS 0x0000000085100000| PB 0x0000000085100000| Untracked |  0
|   6|0x0000000085200000, 0x0000000085200000, 0x0000000085300000|  0%| F|  |TAMS 0x0000000085200000| PB 0x0000000085200000| Untracked |  0
|   7|0x0000000085300000, 0x0000000085300000, 0x0000000085400000|  0%| F|  |TAMS 0x0000000085300000| PB 0x0000000085300000| Untracked |  0
|   8|0x0000000085400000, 0x0000000085400000, 0x0000000085500000|  0%| F|  |TAMS 0x0000000085400000| PB 0x0000000085400000| Untracked |  0
|   9|0x0000000085500000, 0x0000000085500000, 0x0000000085600000|  0%| F|  |TAMS 0x0000000085500000| PB 0x0000000085500000| Untracked |  0
|  10|0x0000000085600000, 0x0000000085600000, 0x0000000085700000|  0%| F|  |TAMS 0x0000000085600000| PB 0x0000000085600000| Untracked |  0
|  11|0x0000000085700000, 0x0000000085700000, 0x0000000085800000|  0%| F|  |TAMS 0x0000000085700000| PB 0x0000000085700000| Untracked |  0
|  12|0x0000000085800000, 0x0000000085800000, 0x0000000085900000|  0%| F|  |TAMS 0x0000000085800000| PB 0x0000000085800000| Untracked |  0
|  13|0x0000000085900000, 0x0000000085900000, 0x0000000085a00000|  0%| F|  |TAMS 0x0000000085900000| PB 0x0000000085900000| Untracked |  0
|  14|0x0000000085a00000, 0x0000000085a00000, 0x0000000085b00000|  0%| F|  |TAMS 0x0000000085a00000| PB 0x0000000085a00000| Untracked |  0
|  15|0x0000000085b00000, 0x0000000085b00000, 0x0000000085c00000|  0%| F|  |TAMS 0x0000000085b00000| PB 0x0000000085b00000| Untracked |  0
|  16|0x0000000085c00000, 0x0000000085c00000, 0x0000000085d00000|  0%| F|  |TAMS 0x0000000085c00000| PB 0x0000000085c00000| Untracked |  0
|  17|0x0000000085d00000, 0x0000000085d00000, 0x0000000085e00000|  0%| F|  |TAMS 0x0000000085d00000| PB 0x0000000085d00000| Untracked |  0
|  18|0x0000000085e00000, 0x0000000085e00000, 0x0000000085f00000|  0%| F|  |TAMS 0x0000000085e00000| PB 0x0000000085e00000| Untracked |  0
|  19|0x0000000085f00000, 0x0000000085f00000, 0x0000000086000000|  0%| F|  |TAMS 0x0000000085f00000| PB 0x0000000085f00000| Untracked |  0
|  20|0x0000000086000000, 0x0000000086000000, 0x0000000086100000|  0%| F|  |TAMS 0x0000000086000000| PB 0x0000000086000000| Untracked |  0
|  21|0x0000000086100000, 0x0000000086100000, 0x0000000086200000|  0%| F|  |TAMS 0x0000000086100000| PB 0x0000000086100000| Untracked |  0
|  22|0x0000000086200000, 0x0000000086200000, 0x0000000086300000|  0%| F|  |TAMS 0x0000000086200000| PB 0x0000000086200000| Untracked |  0
|  23|0x0000000086300000, 0x0000000086300000, 0x0000000086400000|  0%| F|  |TAMS 0x0000000086300000| PB 0x0000000086300000| Untracked |  0
|  24|0x0000000086400000, 0x0000000086400000, 0x0000000086500000|  0%| F|  |TAMS 0x0000000086400000| PB 0x0000000086400000| Untracked |  0
|  25|0x0000000086500000, 0x0000000086500000, 0x0000000086600000|  0%| F|  |TAMS 0x0000000086500000| PB 0x0000000086500000| Untracked |  0
|  26|0x0000000086600000, 0x0000000086600000, 0x0000000086700000|  0%| F|  |TAMS 0x0000000086600000| PB 0x0000000086600000| Untracked |  0
|  27|0x0000000086700000, 0x0000000086700000, 0x0000000086800000|  0%| F|  |TAMS 0x0000000086700000| PB 0x0000000086700000| Untracked |  0
|  28|0x0000000086800000, 0x0000000086800000, 0x0000000086900000|  0%| F|  |TAMS 0x0000000086800000| PB 0x0000000086800000| Untracked |  0
|  29|0x0000000086900000, 0x0000000086900000, 0x0000000086a00000|  0%| F|  |TAMS 0x0000000086900000| PB 0x0000000086900000| Untracked |  0
|  30|0x0000000086a00000, 0x0000000086a00000, 0x0000000086b00000|  0%| F|  |TAMS 0x0000000086a00000| PB 0x0000000086a00000| Untracked |  0
|  31|0x0000000086b00000, 0x0000000086b00000, 0x0000000086c00000|  0%| F|  |TAMS 0x0000000086b00000| PB 0x0000000086b00000| Untracked |  0
|  32|0x0000000086c00000, 0x0000000086c00000, 0x0000000086d00000|  0%| F|  |TAMS 0x0000000086c00000| PB 0x0000000086c00000| Untracked |  0
|  33|0x0000000086d00000, 0x0000000086d00000, 0x0000000086e00000|  0%| F|  |TAMS 0x0000000086d00000| PB 0x0000000086d00000| Untracked |  0
|  34|0x0000000086e00000, 0x0000000086e00000, 0x0000000086f00000|  0%| F|  |TAMS 0x0000000086e00000| PB 0x0000000086e00000| Untracked |  0
|  35|0x0000000086f00000, 0x0000000086f00000, 0x0000000087000000|  0%| F|  |TAMS 0x0000000086f00000| PB 0x0000000086f00000| Untracked |  0
|  36|0x0000000087000000, 0x0000000087000000, 0x0000000087100000|  0%| F|  |TAMS 0x0000000087000000| PB 0x0000000087000000| Untracked |  0
|  37|0x0000000087100000, 0x0000000087100000, 0x0000000087200000|  0%| F|  |TAMS 0x0000000087100000| PB 0x0000000087100000| Untracked |  0
|  38|0x0000000087200000, 0x0000000087200000, 0x0000000087300000|  0%| F|  |TAMS 0x0000000087200000| PB 0x0000000087200000| Untracked |  0
|  39|0x0000000087300000, 0x0000000087300000, 0x0000000087400000|  0%| F|  |TAMS 0x0000000087300000| PB 0x0000000087300000| Untracked |  0
|  40|0x0000000087400000, 0x0000000087400000, 0x0000000087500000|  0%| F|  |TAMS 0x0000000087400000| PB 0x0000000087400000| Untracked |  0
|  41|0x0000000087500000, 0x0000000087500000, 0x0000000087600000|  0%| F|  |TAMS 0x0000000087500000| PB 0x0000000087500000| Untracked |  0
|  42|0x0000000087600000, 0x0000000087600000, 0x0000000087700000|  0%| F|  |TAMS 0x0000000087600000| PB 0x0000000087600000| Untracked |  0
|  43|0x0000000087700000, 0x0000000087700000, 0x0000000087800000|  0%| F|  |TAMS 0x0000000087700000| PB 0x0000000087700000| Untracked |  0
|  44|0x0000000087800000, 0x0000000087800000, 0x0000000087900000|  0%| F|  |TAMS 0x0000000087800000| PB 0x0000000087800000| Untracked |  0
|  45|0x0000000087900000, 0x0000000087900000, 0x0000000087a00000|  0%| F|  |TAMS 0x0000000087900000| PB 0x0000000087900000| Untracked |  0
|  46|0x0000000087a00000, 0x0000000087a00000, 0x0000000087b00000|  0%| F|  |TAMS 0x0000000087a00000| PB 0x0000000087a00000| Untracked |  0
|  47|0x0000000087b00000, 0x0000000087b00000, 0x0000000087c00000|  0%| F|  |TAMS 0x0000000087b00000| PB 0x0000000087b00000| Untracked |  0
|  48|0x0000000087c00000, 0x0000000087c00000, 0x0000000087d00000|  0%| F|  |TAMS 0x0000000087c00000| PB 0x0000000087c00000| Untracked |  0
|  49|0x0000000087d00000, 0x0000000087d00000, 0x0000000087e00000|  0%| F|  |TAMS 0x0000000087d00000| PB 0x0000000087d00000| Untracked |  0
|  50|0x0000000087e00000, 0x0000000087e00000, 0x0000000087f00000|  0%| F|  |TAMS 0x0000000087e00000| PB 0x0000000087e00000| Untracked |  0
|  51|0x0000000087f00000, 0x0000000087f00000, 0x0000000088000000|  0%| F|  |TAMS 0x0000000087f00000| PB 0x0000000087f00000| Untracked |  0
|  52|0x0000000088000000, 0x0000000088000000, 0x0000000088100000|  0%| F|  |TAMS 0x0000000088000000| PB 0x0000000088000000| Untracked |  0
|  53|0x0000000088100000, 0x0000000088100000, 0x0000000088200000|  0%| F|  |TAMS 0x0000000088100000| PB 0x0000000088100000| Untracked |  0
|  54|0x0000000088200000, 0x0000000088200000, 0x0000000088300000|  0%| F|  |TAMS 0x0000000088200000| PB 0x0000000088200000| Untracked |  0
|  55|0x0000000088300000, 0x0000000088300000, 0x0000000088400000|  0%| F|  |TAMS 0x0000000088300000| PB 0x0000000088300000| Untracked |  0
|  56|0x0000000088400000, 0x0000000088400000, 0x0000000088500000|  0%| F|  |TAMS 0x0000000088400000| PB 0x0000000088400000| Untracked |  0
|  57|0x0000000088500000, 0x0000000088500000, 0x0000000088600000|  0%| F|  |TAMS 0x0000000088500000| PB 0x0000000088500000| Untracked |  0
|  58|0x0000000088600000, 0x0000000088600000, 0x0000000088700000|  0%| F|  |TAMS 0x0000000088600000| PB 0x0000000088600000| Untracked |  0
|  59|0x0000000088700000, 0x0000000088700000, 0x0000000088800000|  0%| F|  |TAMS 0x0000000088700000| PB 0x0000000088700000| Untracked |  0
|  60|0x0000000088800000, 0x0000000088800000, 0x0000000088900000|  0%| F|  |TAMS 0x0000000088800000| PB 0x0000000088800000| Untracked |  0
|  61|0x0000000088900000, 0x0000000088900000, 0x0000000088a00000|  0%| F|  |TAMS 0x0000000088900000| PB 0x0000000088900000| Untracked |  0
|  62|0x0000000088a00000, 0x0000000088a00000, 0x0000000088b00000|  0%| F|  |TAMS 0x0000000088a00000| PB 0x0000000088a00000| Untracked |  0
|  63|0x0000000088b00000, 0x0000000088b00000, 0x0000000088c00000|  0%| F|  |TAMS 0x0000000088b00000| PB 0x0000000088b00000| Untracked |  0
|  64|0x0000000088c00000, 0x0000000088c00000, 0x0000000088d00000|  0%| F|  |TAMS 0x0000000088c00000| PB 0x0000000088c00000| Untracked |  0
|  65|0x0000000088d00000, 0x0000000088d00000, 0x0000000088e00000|  0%| F|  |TAMS 0x0000000088d00000| PB 0x0000000088d00000| Untracked |  0
|  66|0x0000000088e00000, 0x0000000088e00000, 0x0000000088f00000|  0%| F|  |TAMS 0x0000000088e00000| PB 0x0000000088e00000| Untracked |  0
|  67|0x0000000088f00000, 0x0000000088f00000, 0x0000000089000000|  0%| F|  |TAMS 0x0000000088f00000| PB 0x0000000088f00000| Untracked |  0
|  68|0x0000000089000000, 0x0000000089000000, 0x0000000089100000|  0%| F|  |TAMS 0x0000000089000000| PB 0x0000000089000000| Untracked |  0
|  69|0x0000000089100000, 0x0000000089100000, 0x0000000089200000|  0%| F|  |TAMS 0x0000000089100000| PB 0x0000000089100000| Untracked |  0
|  70|0x0000000089200000, 0x0000000089200000, 0x0000000089300000|  0%| F|  |TAMS 0x0000000089200000| PB 0x0000000089200000| Untracked |  0
|  71|0x0000000089300000, 0x0000000089300000, 0x0000000089400000|  0%| F|  |TAMS 0x0000000089300000| PB 0x0000000089300000| Untracked |  0
|  72|0x0000000089400000, 0x0000000089400000, 0x0000000089500000|  0%| F|  |TAMS 0x0000000089400000| PB 0x0000000089400000| Untracked |  0
|  73|0x0000000089500000, 0x0000000089500000, 0x0000000089600000|  0%| F|  |TAMS 0x0000000089500000| PB 0x0000000089500000| Untracked |  0
|  74|0x0000000089600000, 0x0000000089600000, 0x0000000089700000|  0%| F|  |TAMS 0x0000000089600000| PB 0x0000000089600000| Untracked |  0
|  75|0x0000000089700000, 0x0000000089700000, 0x0000000089800000|  0%| F|  |TAMS 0x0000000089700000| PB 0x0000000089700000| Untracked |  0
|  76|0x0000000089800000, 0x0000000089800000, 0x0000000089900000|  0%| F|  |TAMS 0x0000000089800000| PB 0x0000000089800000| Untracked |  0
|  77|0x0000000089900000, 0x0000000089900000, 0x0000000089a00000|  0%| F|  |TAMS 0x0000000089900000| PB 0x0000000089900000| Untracked |  0
|  78|0x0000000089a00000, 0x0000000089a00000, 0x0000000089b00000|  0%| F|  |TAMS 0x0000000089a00000| PB 0x0000000089a00000| Untracked |  0
|  79|0x0000000089b00000, 0x0000000089b00000, 0x0000000089c00000|  0%| F|  |TAMS 0x0000000089b00000| PB 0x0000000089b00000| Untracked |  0
|  80|0x0000000089c00000, 0x0000000089c00000, 0x0000000089d00000|  0%| F|  |TAMS 0x0000000089c00000| PB 0x0000000089c00000| Untracked |  0
|  81|0x0000000089d00000, 0x0000000089d00000, 0x0000000089e00000|  0%| F|  |TAMS 0x0000000089d00000| PB 0x0000000089d00000| Untracked |  0
|  82|0x0000000089e00000, 0x0000000089e00000, 0x0000000089f00000|  0%| F|  |TAMS 0x0000000089e00000| PB 0x0000000089e00000| Untracked |  0
|  83|0x0000000089f00000, 0x0000000089f00000, 0x000000008a000000|  0%| F|  |TAMS 0x0000000089f00000| PB 0x0000000089f00000| Untracked |  0
|  84|0x000000008a000000, 0x000000008a000000, 0x000000008a100000|  0%| F|  |TAMS 0x000000008a000000| PB 0x000000008a000000| Untracked |  0
|  85|0x000000008a100000, 0x000000008a100000, 0x000000008a200000|  0%| F|  |TAMS 0x000000008a100000| PB 0x000000008a100000| Untracked |  0
|  86|0x000000008a200000, 0x000000008a200000, 0x000000008a300000|  0%| F|  |TAMS 0x000000008a200000| PB 0x000000008a200000| Untracked |  0
|  87|0x000000008a300000, 0x000000008a300000, 0x000000008a400000|  0%| F|  |TAMS 0x000000008a300000| PB 0x000000008a300000| Untracked |  0
|  88|0x000000008a400000, 0x000000008a400000, 0x000000008a500000|  0%| F|  |TAMS 0x000000008a400000| PB 0x000000008a400000| Untracked |  0
|  89|0x000000008a500000, 0x000000008a500000, 0x000000008a600000|  0%| F|  |TAMS 0x000000008a500000| PB 0x000000008a500000| Untracked |  0
|  90|0x000000008a600000, 0x000000008a600000, 0x000000008a700000|  0%| F|  |TAMS 0x000000008a600000| PB 0x000000008a600000| Untracked |  0
|  91|0x000000008a700000, 0x000000008a700000, 0x000000008a800000|  0%| F|  |TAMS 0x000000008a700000| PB 0x000000008a700000| Untracked |  0
|  92|0x000000008a800000, 0x000000008a800000, 0x000000008a900000|  0%| F|  |TAMS 0x000000008a800000| PB 0x000000008a800000| Untracked |  0
|  93|0x000000008a900000, 0x000000008a900000, 0x000000008aa00000|  0%| F|  |TAMS 0x000000008a900000| PB 0x000000008a900000| Untracked |  0
|  94|0x000000008aa00000, 0x000000008aa00000, 0x000000008ab00000|  0%| F|  |TAMS 0x000000008aa00000| PB 0x000000008aa00000| Untracked |  0
|  95|0x000000008ab00000, 0x000000008ab00000, 0x000000008ac00000|  0%| F|  |TAMS 0x000000008ab00000| PB 0x000000008ab00000| Untracked |  0
|  96|0x000000008ac00000, 0x000000008ac00000, 0x000000008ad00000|  0%| F|  |TAMS 0x000000008ac00000| PB 0x000000008ac00000| Untracked |  0
|  97|0x000000008ad00000, 0x000000008ad00000, 0x000000008ae00000|  0%| F|  |TAMS 0x000000008ad00000| PB 0x000000008ad00000| Untracked |  0
|  98|0x000000008ae00000, 0x000000008ae00000, 0x000000008af00000|  0%| F|  |TAMS 0x000000008ae00000| PB 0x000000008ae00000| Untracked |  0
|  99|0x000000008af00000, 0x000000008af00000, 0x000000008b000000|  0%| F|  |TAMS 0x000000008af00000| PB 0x000000008af00000| Untracked |  0
| 100|0x000000008b000000, 0x000000008b000000, 0x000000008b100000|  0%| F|  |TAMS 0x000000008b000000| PB 0x000000008b000000| Untracked |  0
| 101|0x000000008b100000, 0x000000008b100000, 0x000000008b200000|  0%| F|  |TAMS 0x000000008b100000| PB 0x000000008b100000| Untracked |  0
| 102|0x000000008b200000, 0x000000008b200000, 0x000000008b300000|  0%| F|  |TAMS 0x000000008b200000| PB 0x000000008b200000| Untracked |  0
| 103|0x000000008b300000, 0x000000008b300000, 0x000000008b400000|  0%| F|  |TAMS 0x000000008b300000| PB 0x000000008b300000| Untracked |  0
| 104|0x000000008b400000, 0x000000008b400000, 0x000000008b500000|  0%| F|  |TAMS 0x000000008b400000| PB 0x000000008b400000| Untracked |  0
| 105|0x000000008b500000, 0x000000008b500000, 0x000000008b600000|  0%| F|  |TAMS 0x000000008b500000| PB 0x000000008b500000| Untracked |  0
| 106|0x000000008b600000, 0x000000008b600000, 0x000000008b700000|  0%| F|  |TAMS 0x000000008b600000| PB 0x000000008b600000| Untracked |  0
| 107|0x000000008b700000, 0x000000008b700000, 0x000000008b800000|  0%| F|  |TAMS 0x000000008b700000| PB 0x000000008b700000| Untracked |  0
| 108|0x000000008b800000, 0x000000008b900000, 0x000000008b900000|100%| E|  |TAMS 0x000000008b800000| PB 0x000000008b800000| Complete |  0
| 109|0x000000008b900000, 0x000000008ba00000, 0x000000008ba00000|100%| E|CS|TAMS 0x000000008b900000| PB 0x000000008b900000| Complete |  0
| 110|0x000000008ba00000, 0x000000008bb00000, 0x000000008bb00000|100%| E|  |TAMS 0x000000008ba00000| PB 0x000000008ba00000| Complete |  0
| 111|0x000000008bb00000, 0x000000008bc00000, 0x000000008bc00000|100%| E|CS|TAMS 0x000000008bb00000| PB 0x000000008bb00000| Complete |  0
| 112|0x000000008bc00000, 0x000000008bd00000, 0x000000008bd00000|100%| E|CS|TAMS 0x000000008bc00000| PB 0x000000008bc00000| Complete |  0
| 113|0x000000008bd00000, 0x000000008be00000, 0x000000008be00000|100%| E|CS|TAMS 0x000000008bd00000| PB 0x000000008bd00000| Complete |  0
| 114|0x000000008be00000, 0x000000008bf00000, 0x000000008bf00000|100%| E|CS|TAMS 0x000000008be00000| PB 0x000000008be00000| Complete |  0
| 115|0x000000008bf00000, 0x000000008c000000, 0x000000008c000000|100%| E|CS|TAMS 0x000000008bf00000| PB 0x000000008bf00000| Complete |  0
| 116|0x000000008c000000, 0x000000008c100000, 0x000000008c100000|100%| E|CS|TAMS 0x000000008c000000| PB 0x000000008c000000| Complete |  0
| 117|0x000000008c100000, 0x000000008c200000, 0x000000008c200000|100%| E|CS|TAMS 0x000000008c100000| PB 0x000000008c100000| Complete |  0
| 118|0x000000008c200000, 0x000000008c300000, 0x000000008c300000|100%| E|CS|TAMS 0x000000008c200000| PB 0x000000008c200000| Complete |  0
| 119|0x000000008c300000, 0x000000008c400000, 0x000000008c400000|100%| E|CS|TAMS 0x000000008c300000| PB 0x000000008c300000| Complete |  0
| 120|0x000000008c400000, 0x000000008c500000, 0x000000008c500000|100%| E|CS|TAMS 0x000000008c400000| PB 0x000000008c400000| Complete |  0
| 121|0x000000008c500000, 0x000000008c600000, 0x000000008c600000|100%| E|CS|TAMS 0x000000008c500000| PB 0x000000008c500000| Complete |  0
| 122|0x000000008c600000, 0x000000008c700000, 0x000000008c700000|100%| E|CS|TAMS 0x000000008c600000| PB 0x000000008c600000| Complete |  0
| 123|0x000000008c700000, 0x000000008c800000, 0x000000008c800000|100%| E|CS|TAMS 0x000000008c700000| PB 0x000000008c700000| Complete |  0

Card table byte_map: [0x0000025a79da0000,0x0000025a7a180000] _byte_map_base: 0x0000025a7997a000

Marking Bits: (CMBitMap*) 0x0000025a70eab5d0
 Bits: [0x0000025a7a180000, 0x0000025a7c050000)

Polling page: 0x0000025a6ecf0000

Metaspace:

Usage:
  Non-class:      2.81 MB used.
      Class:    355.40 KB used.
       Both:      3.16 MB used.

Virtual space:
  Non-class space:       64.00 MB reserved,       2.88 MB (  4%) committed,  1 nodes.
      Class space:        1.00 GB reserved,     448.00 KB ( <1%) committed,  1 nodes.
             Both:        1.06 GB reserved,       3.31 MB ( <1%) committed. 

Chunk freelists:
   Non-Class:  11.52 MB
       Class:  15.51 MB
        Both:  27.03 MB

MaxMetaspaceSize: unlimited
CompressedClassSpaceSize: 1.00 GB
Initial GC threshold: 21.00 MB
Current GC threshold: 21.00 MB
CDS: on
 - commit_granule_bytes: 65536.
 - commit_granule_words: 8192.
 - virtual_space_node_default_size: 8388608.
 - enlarge_chunks_in_place: 1.
 - use_allocation_guard: 0.


Internal statistics:

num_allocs_failed_limit: 0.
num_arena_births: 96.
num_arena_deaths: 0.
num_vsnodes_births: 2.
num_vsnodes_deaths: 0.
num_space_committed: 53.
num_space_uncommitted: 0.
num_chunks_returned_to_freelist: 0.
num_chunks_taken_from_freelist: 130.
num_chunk_merges: 0.
num_chunk_splits: 87.
num_chunks_enlarged: 47.
num_inconsistent_stats: 0.

CodeHeap 'non-profiled nmethods': size=120064Kb used=295Kb max_used=295Kb free=119768Kb
 bounds [0x0000025a07ac0000, 0x0000025a07d30000, 0x0000025a0f000000]
CodeHeap 'profiled nmethods': size=120000Kb used=924Kb max_used=924Kb free=119076Kb
 bounds [0x0000025a00000000, 0x0000025a00270000, 0x0000025a07530000]
CodeHeap 'non-nmethods': size=5696Kb used=1470Kb max_used=1470Kb free=4225Kb
 bounds [0x0000025a07530000, 0x0000025a077a0000, 0x0000025a07ac0000]
CodeCache: size=245760Kb, used=2689Kb, max_used=2689Kb, free=243069Kb
 total_blobs=1373, nmethods=899, adapters=380, full_count=0
Compilation: enabled, stopped_count=0, restarted_count=0

Compilation events (20 events):
Event: 0.557 Thread 0x0000025a7eb27a80 nmethod 686 0x0000025a000aa588 code [0x0000025a000aa6e0, 0x0000025a000aaa80]
Event: 0.557 Thread 0x0000025a7eb27a80  690       3       java.util.zip.ZipFile$Source::getEntryPos (164 bytes)
Event: 0.558 Thread 0x0000025a7eb27a80 nmethod 690 0x0000025a000aab08 code [0x0000025a000aacc0, 0x0000025a000ab580]
Event: 0.558 Thread 0x0000025a7eb27a80  689       3       java.util.jar.JarFile::getJarEntry (9 bytes)
Event: 0.558 Thread 0x0000025a7eb27a80 nmethod 689 0x0000025a000ab608 code [0x0000025a000ab780, 0x0000025a000abc20]
Event: 0.558 Thread 0x0000025a7eb27a80  691   !   3       java.util.zip.ZipFile::getEntry (59 bytes)
Event: 0.559 Thread 0x0000025a7eb27a80 nmethod 691 0x0000025a000abc88 code [0x0000025a000abe00, 0x0000025a000ac318]
Event: 0.559 Thread 0x0000025a7eb27a80  692       3       java.util.zip.ZipCoder::hash (36 bytes)
Event: 0.560 Thread 0x0000025a7eb27a80 nmethod 692 0x0000025a000ac388 code [0x0000025a000ac520, 0x0000025a000acc18]
Event: 0.563 Thread 0x0000025a7eb27a80  693       3       java.lang.invoke.MethodType::parameterSlotCount (8 bytes)
Event: 0.563 Thread 0x0000025a7eb27a80 nmethod 693 0x0000025a000acc88 code [0x0000025a000acda0, 0x0000025a000aced0]
Event: 0.565 Thread 0x0000025a7eb27a80  695       3       jdk.internal.org.objectweb.asm.ByteVector::put12 (64 bytes)
Event: 0.565 Thread 0x0000025a7eb27a80 nmethod 695 0x0000025a000acf88 code [0x0000025a000ad0c0, 0x0000025a000ad2e8]
Event: 0.567 Thread 0x0000025a7eb27a80  696       3       sun.invoke.util.VerifyAccess::isSamePackage (37 bytes)
Event: 0.567 Thread 0x0000025a7eb27a80 nmethod 696 0x0000025a000ad308 code [0x0000025a000ad4a0, 0x0000025a000ada00]
Event: 0.567 Thread 0x0000025a7eb27a80  697       3       java.util.AbstractCollection::addAll (42 bytes)
Event: 0.568 Thread 0x0000025a7eb27a80 nmethod 697 0x0000025a000ada88 code [0x0000025a000adc00, 0x0000025a000ae120]
Event: 0.568 Thread 0x0000025a7eb27a80  699       3       java.util.Set::copyOf (40 bytes)
Event: 0.568 Thread 0x0000025a7eb27a80 nmethod 699 0x0000025a000ae188 code [0x0000025a000ae360, 0x0000025a000aef90]
Event: 0.568 Thread 0x0000025a7eb27a80  698       3       java.util.HashMap::newHashMap (44 bytes)

GC Heap History (0 events):
No events

Dll operation events (9 events):
Event: 0.069 Loaded shared library C:\Users\tigas\.jdks\openjdk-23.0.1\bin\java.dll
Event: 0.119 Loaded shared library C:\Users\tigas\.jdks\openjdk-23.0.1\bin\jsvml.dll
Event: 0.233 Loaded shared library C:\Users\tigas\.jdks\openjdk-23.0.1\bin\net.dll
Event: 0.237 Loaded shared library C:\Users\tigas\.jdks\openjdk-23.0.1\bin\nio.dll
Event: 0.251 Loaded shared library C:\Users\tigas\.jdks\openjdk-23.0.1\bin\zip.dll
Event: 0.395 Loaded shared library C:\Users\tigas\.jdks\openjdk-23.0.1\bin\zip.dll
Event: 0.403 Loaded shared library C:\Users\tigas\.jdks\openjdk-23.0.1\bin\instrument.dll
Event: 0.492 Loaded shared library C:\Users\tigas\.jdks\openjdk-23.0.1\bin\jimage.dll
Event: 0.535 Loaded shared library C:\Users\tigas\.jdks\openjdk-23.0.1\bin\extnet.dll

Deoptimization events (20 events):
Event: 0.384 Thread 0x0000025a6eafe0d0 Uncommon trap: trap_request=0xffffff45 fr.pc=0x0000025a07adc104 relative=0x0000000000000ca4
Event: 0.384 Thread 0x0000025a6eafe0d0 Uncommon trap: reason=unstable_if action=reinterpret pc=0x0000025a07adc104 method=java.util.HashMap.putVal(ILjava/lang/Object;Ljava/lang/Object;ZZ)Ljava/lang/Object; @ 81 c2
Event: 0.384 Thread 0x0000025a6eafe0d0 DEOPT PACKING pc=0x0000025a07adc104 sp=0x000000bbfcdfedf0
Event: 0.384 Thread 0x0000025a6eafe0d0 DEOPT UNPACKING pc=0x0000025a07587982 sp=0x000000bbfcdfeda0 mode 2
Event: 0.502 Thread 0x0000025a6eafe0d0 Uncommon trap: trap_request=0xffffff45 fr.pc=0x0000025a07ae841c relative=0x000000000000017c
Event: 0.502 Thread 0x0000025a6eafe0d0 Uncommon trap: reason=unstable_if action=reinterpret pc=0x0000025a07ae841c method=java.util.zip.ZipFile$Source.isMetaName([BII)Z @ 57 c2
Event: 0.502 Thread 0x0000025a6eafe0d0 DEOPT PACKING pc=0x0000025a07ae841c sp=0x000000bbfcdfe1e0
Event: 0.502 Thread 0x0000025a6eafe0d0 DEOPT UNPACKING pc=0x0000025a07587982 sp=0x000000bbfcdfe188 mode 2
Event: 0.512 Thread 0x0000025a7eb17270 Uncommon trap: trap_request=0xffffff45 fr.pc=0x0000025a07aeaf1c relative=0x000000000000035c
Event: 0.512 Thread 0x0000025a7eb17270 Uncommon trap: reason=unstable_if action=reinterpret pc=0x0000025a07aeaf1c method=java.lang.StringLatin1.lastIndexOf([BI[BII)I @ 86 c2
Event: 0.512 Thread 0x0000025a7eb17270 DEOPT PACKING pc=0x0000025a07aeaf1c sp=0x000000bbfd8fe630
Event: 0.512 Thread 0x0000025a7eb17270 DEOPT UNPACKING pc=0x0000025a07587982 sp=0x000000bbfd8fe420 mode 2
Event: 0.519 Thread 0x0000025a6eafe0d0 Uncommon trap: trap_request=0xffffff45 fr.pc=0x0000025a07ad1fdc relative=0x000000000000005c
Event: 0.519 Thread 0x0000025a6eafe0d0 Uncommon trap: reason=unstable_if action=reinterpret pc=0x0000025a07ad1fdc method=java.lang.String.isLatin1()Z @ 10 c2
Event: 0.519 Thread 0x0000025a6eafe0d0 DEOPT PACKING pc=0x0000025a07ad1fdc sp=0x000000bbfcdfe610
Event: 0.519 Thread 0x0000025a6eafe0d0 DEOPT UNPACKING pc=0x0000025a07587982 sp=0x000000bbfcdfe5a0 mode 2
Event: 0.519 Thread 0x0000025a6eafe0d0 Uncommon trap: trap_request=0xffffff45 fr.pc=0x0000025a07ac2150 relative=0x00000000000000b0
Event: 0.519 Thread 0x0000025a6eafe0d0 Uncommon trap: reason=unstable_if action=reinterpret pc=0x0000025a07ac2150 method=java.lang.String.isLatin1()Z @ 10 c2
Event: 0.519 Thread 0x0000025a6eafe0d0 DEOPT PACKING pc=0x0000025a07ac2150 sp=0x000000bbfcdfef80
Event: 0.519 Thread 0x0000025a6eafe0d0 DEOPT UNPACKING pc=0x0000025a07587982 sp=0x000000bbfcdfeec0 mode 2

Classes loaded (20 events):
Event: 0.564 Loading class java/lang/reflect/Proxy$1
Event: 0.564 Loading class java/lang/reflect/Proxy$1 done
Event: 0.564 Loading class jdk/internal/loader/AbstractClassLoaderValue$Sub
Event: 0.564 Loading class jdk/internal/loader/AbstractClassLoaderValue$Sub done
Event: 0.565 Loading class java/lang/reflect/Proxy$ProxyBuilder
Event: 0.565 Loading class java/lang/reflect/Proxy$ProxyBuilder done
Event: 0.565 Loading class java/util/Collections$SingletonList
Event: 0.566 Loading class java/util/Collections$SingletonList done
Event: 0.566 Loading class java/lang/PublicMethods
Event: 0.566 Loading class java/lang/PublicMethods done
Event: 0.566 Loading class java/util/LinkedHashMap$LinkedValues
Event: 0.566 Loading class java/util/LinkedHashMap$LinkedValues done
Event: 0.566 Loading class java/util/LinkedHashMap$LinkedValueIterator
Event: 0.566 Loading class java/util/LinkedHashMap$LinkedValueIterator done
Event: 0.567 Loading class java/lang/WeakPairMap$Pair$Weak
Event: 0.568 Loading class java/lang/WeakPairMap$WeakRefPeer
Event: 0.568 Loading class java/lang/WeakPairMap$WeakRefPeer done
Event: 0.568 Loading class java/lang/WeakPairMap$Pair$Weak done
Event: 0.568 Loading class java/lang/WeakPairMap$Pair$Weak$1
Event: 0.568 Loading class java/lang/WeakPairMap$Pair$Weak$1 done

Classes unloaded (0 events):
No events

Classes redefined (0 events):
No events

Internal exceptions (3 events):
Event: 0.241 Thread 0x0000025a6eafe0d0 Exception <a 'sun/nio/fs/WindowsException'{0x000000008c65b788}> (0x000000008c65b788) 
thrown [s\open\src\hotspot\share\prims\jni.cpp, line 520]
Event: 0.513 Thread 0x0000025a6eafe0d0 Exception <a 'java/lang/NoSuchMethodError'{0x000000008bc9d7e0}: 'java.lang.Object java.lang.invoke.Invokers$Holder.invokeExact_MT(java.lang.Object, java.lang.Object, java.lang.Object, java.lang.Object, java.lang.Object)'> (0x000000008bc9d7e0) 
thrown [s\open\src\hotspot\share\interpreter\linkResolver.cpp, line 796]
Event: 0.538 Thread 0x0000025a54c76410 Exception <a 'java/lang/NoSuchMethodError'{0x000000008bb83310}: 'void java.lang.invoke.DirectMethodHandle$Holder.invokeStatic(java.lang.Object, java.lang.Object)'> (0x000000008bb83310) 
thrown [s\open\src\hotspot\share\interpreter\linkResolver.cpp, line 796]

VM Operations (8 events):
Event: 0.253 Executing VM operation: HandshakeAllThreads (Deoptimize)
Event: 0.253 Executing VM operation: HandshakeAllThreads (Deoptimize) done
Event: 0.371 Executing VM operation: HandshakeAllThreads (Deoptimize)
Event: 0.371 Executing VM operation: HandshakeAllThreads (Deoptimize) done
Event: 0.525 Executing VM operation: HandshakeAllThreads (Deoptimize)
Event: 0.540 Executing VM operation: HandshakeAllThreads (Deoptimize) done
Event: 0.540 Executing VM operation: HandshakeAllThreads (Deoptimize)
Event: 0.541 Executing VM operation: HandshakeAllThreads (Deoptimize) done

Memory protections (0 events):
No events

Nmethod flushes (0 events):
No events

Events (14 events):
Event: 0.095 Thread 0x0000025a6eafe0d0 Thread added: 0x0000025a6eafe0d0
Event: 0.115 Thread 0x0000025a6eafe0d0 Thread added: 0x0000025a7eb0eed0
Event: 0.115 Thread 0x0000025a6eafe0d0 Thread added: 0x0000025a7eb10740
Event: 0.115 Thread 0x0000025a6eafe0d0 Thread added: 0x0000025a7eb163d0
Event: 0.116 Thread 0x0000025a6eafe0d0 Thread added: 0x0000025a7eb17270
Event: 0.116 Thread 0x0000025a6eafe0d0 Thread added: 0x0000025a7eb1a290
Event: 0.116 Thread 0x0000025a6eafe0d0 Thread added: 0x0000025a7eb1cfc0
Event: 0.116 Thread 0x0000025a6eafe0d0 Thread added: 0x0000025a7eb22800
Event: 0.116 Thread 0x0000025a6eafe0d0 Thread added: 0x0000025a7eb27a80
Event: 0.215 Thread 0x0000025a6eafe0d0 Thread added: 0x0000025a540b6b30
Event: 0.308 Thread 0x0000025a7eb22800 Thread added: 0x0000025a540ef0c0
Event: 0.310 Thread 0x0000025a7eb27a80 Thread added: 0x0000025a54194520
Event: 0.518 Thread 0x0000025a6eafe0d0 Thread added: 0x0000025a54c76410
Event: 0.518 Thread 0x0000025a6eafe0d0 Thread added: 0x0000025a54c76d20


Dynamic libraries:
0x00007ff7592b0000 - 0x00007ff7592be000 	C:\Users\tigas\.jdks\openjdk-23.0.1\bin\java.exe
0x00007ffeeb740000 - 0x00007ffeeb9a0000 	C:\WINDOWS\SYSTEM32\ntdll.dll
0x00007ffee9630000 - 0x00007ffee96f7000 	C:\WINDOWS\System32\KERNEL32.DLL
0x00007ffee89b0000 - 0x00007ffee8d7b000 	C:\WINDOWS\System32\KERNELBASE.dll
0x00007ffee8fa0000 - 0x00007ffee90eb000 	C:\WINDOWS\System32\ucrtbase.dll
0x00007ffed8460000 - 0x00007ffed8477000 	C:\Users\tigas\.jdks\openjdk-23.0.1\bin\jli.dll
0x00007ffee2900000 - 0x00007ffee291b000 	C:\Users\tigas\.jdks\openjdk-23.0.1\bin\VCRUNTIME140.dll
0x00007ffee9b70000 - 0x00007ffee9d3c000 	C:\WINDOWS\System32\USER32.dll
0x00007ffee8d80000 - 0x00007ffee8da7000 	C:\WINDOWS\System32\win32u.dll
0x00007ffeeb6d0000 - 0x00007ffeeb6fa000 	C:\WINDOWS\System32\GDI32.dll
0x00007ffece5b0000 - 0x00007ffece847000 	C:\WINDOWS\WinSxS\amd64_microsoft.windows.common-controls_6595b64144ccf1df_6.0.26100.3624_none_3e086962e3345f24\COMCTL32.dll
0x00007ffee8e60000 - 0x00007ffee8f91000 	C:\WINDOWS\System32\gdi32full.dll
0x00007ffee9700000 - 0x00007ffee97a9000 	C:\WINDOWS\System32\msvcrt.dll
0x00007ffee8db0000 - 0x00007ffee8e53000 	C:\WINDOWS\System32\msvcp_win.dll
0x00007ffee9540000 - 0x00007ffee956f000 	C:\WINDOWS\System32\IMM32.DLL
0x00007ffee2a50000 - 0x00007ffee2a5c000 	C:\Users\tigas\.jdks\openjdk-23.0.1\bin\vcruntime140_1.dll
0x00007ffeb6380000 - 0x00007ffeb640e000 	C:\Users\tigas\.jdks\openjdk-23.0.1\bin\msvcp140.dll
0x00007ffe6d420000 - 0x00007ffe6e16f000 	C:\Users\tigas\.jdks\openjdk-23.0.1\bin\server\jvm.dll
0x00007ffeeb610000 - 0x00007ffeeb6c3000 	C:\WINDOWS\System32\ADVAPI32.dll
0x00007ffeeaae0000 - 0x00007ffeeab86000 	C:\WINDOWS\System32\sechost.dll
0x00007ffeea020000 - 0x00007ffeea136000 	C:\WINDOWS\System32\RPCRT4.dll
0x00007ffeea140000 - 0x00007ffeea1b4000 	C:\WINDOWS\System32\WS2_32.dll
0x00007ffee7900000 - 0x00007ffee795e000 	C:\WINDOWS\SYSTEM32\POWRPROF.dll
0x00007ffed2310000 - 0x00007ffed2346000 	C:\WINDOWS\SYSTEM32\WINMM.dll
0x00007ffed7f20000 - 0x00007ffed7f2b000 	C:\WINDOWS\SYSTEM32\VERSION.dll
0x00007ffee78e0000 - 0x00007ffee78f4000 	C:\WINDOWS\SYSTEM32\UMPDC.dll
0x00007ffee7790000 - 0x00007ffee77aa000 	C:\WINDOWS\SYSTEM32\kernel.appcore.dll
0x00007ffee2990000 - 0x00007ffee299a000 	C:\Users\tigas\.jdks\openjdk-23.0.1\bin\jimage.dll
0x00007ffee6240000 - 0x00007ffee6481000 	C:\WINDOWS\SYSTEM32\DBGHELP.DLL
0x00007ffeeac10000 - 0x00007ffeeaf93000 	C:\WINDOWS\System32\combase.dll
0x00007ffee9980000 - 0x00007ffee9a56000 	C:\WINDOWS\System32\OLEAUT32.dll
0x00007ffecc430000 - 0x00007ffecc469000 	C:\WINDOWS\SYSTEM32\dbgcore.DLL
0x00007ffee90f0000 - 0x00007ffee9189000 	C:\WINDOWS\System32\bcryptPrimitives.dll
0x00007ffedfe90000 - 0x00007ffedfe9f000 	C:\Users\tigas\.jdks\openjdk-23.0.1\bin\instrument.dll
0x00007ffed5740000 - 0x00007ffed575e000 	C:\Users\tigas\.jdks\openjdk-23.0.1\bin\java.dll
0x00007ffeea1c0000 - 0x00007ffeea356000 	C:\WINDOWS\System32\ole32.dll
0x00007ffeea3b0000 - 0x00007ffeeaad9000 	C:\WINDOWS\System32\SHELL32.dll
0x00007ffee9250000 - 0x00007ffee93b8000 	C:\WINDOWS\System32\wintypes.dll
0x00007ffee65a0000 - 0x00007ffee6df2000 	C:\WINDOWS\SYSTEM32\windows.storage.dll
0x00007ffeeb510000 - 0x00007ffeeb5fd000 	C:\WINDOWS\System32\SHCORE.dll
0x00007ffee97b0000 - 0x00007ffee9814000 	C:\WINDOWS\System32\shlwapi.dll
0x00007ffee8830000 - 0x00007ffee885f000 	C:\WINDOWS\SYSTEM32\profapi.dll
0x00007ffea94d0000 - 0x00007ffea95a7000 	C:\Users\tigas\.jdks\openjdk-23.0.1\bin\jsvml.dll
0x00007ffedfe10000 - 0x00007ffedfe20000 	C:\Users\tigas\.jdks\openjdk-23.0.1\bin\net.dll
0x00007ffee7d70000 - 0x00007ffee7dda000 	C:\WINDOWS\system32\mswsock.dll
0x00007ffed5720000 - 0x00007ffed5736000 	C:\Users\tigas\.jdks\openjdk-23.0.1\bin\nio.dll
0x00007ffed5400000 - 0x00007ffed5417000 	C:\Users\tigas\.jdks\openjdk-23.0.1\bin\zip.dll
0x00007ffed7fc0000 - 0x00007ffed7fc9000 	C:\Users\tigas\.jdks\openjdk-23.0.1\bin\extnet.dll
0x00007ffee7210000 - 0x00007ffee7335000 	C:\WINDOWS\SYSTEM32\DNSAPI.dll
0x00007ffee71d0000 - 0x00007ffee7203000 	C:\WINDOWS\SYSTEM32\IPHLPAPI.DLL
0x00007ffeeafa0000 - 0x00007ffeeafaa000 	C:\WINDOWS\System32\NSI.dll
0x00007ffedf740000 - 0x00007ffedf74b000 	C:\Windows\System32\rasadhlp.dll
0x00007ffedf5a0000 - 0x00007ffedf625000 	C:\WINDOWS\System32\fwpuclnt.dll
0x00007ffed57a0000 - 0x00007ffed57aa000 	C:\Users\tigas\.jdks\openjdk-23.0.1\bin\management.dll
0x0000025a56720000 - 0x0000025a56724000 	C:\javafx-sdk-24\bin\api-ms-win-core-console-l1-1-0.dll
0x0000025a55f20000 - 0x0000025a55f24000 	C:\javafx-sdk-24\bin\api-ms-win-core-console-l1-2-0.dll
0x0000025a55f30000 - 0x0000025a55f34000 	C:\javafx-sdk-24\bin\api-ms-win-core-datetime-l1-1-0.dll
0x0000025a55f40000 - 0x0000025a55f44000 	C:\javafx-sdk-24\bin\api-ms-win-core-debug-l1-1-0.dll
0x0000025a55f50000 - 0x0000025a55f54000 	C:\javafx-sdk-24\bin\api-ms-win-core-errorhandling-l1-1-0.dll
0x0000025a55f60000 - 0x0000025a55f65000 	C:\javafx-sdk-24\bin\api-ms-win-core-file-l1-1-0.dll
0x0000025a55f70000 - 0x0000025a55f74000 	C:\javafx-sdk-24\bin\api-ms-win-core-file-l1-2-0.dll
0x0000025a55f80000 - 0x0000025a55f84000 	C:\javafx-sdk-24\bin\api-ms-win-core-file-l2-1-0.dll
0x0000025a55f90000 - 0x0000025a55f94000 	C:\javafx-sdk-24\bin\api-ms-win-core-handle-l1-1-0.dll
0x00007ffed53f0000 - 0x00007ffed53fb000 	C:\Users\tigas\.jdks\openjdk-23.0.1\bin\management_ext.dll
0x00007ffeeb070000 - 0x00007ffeeb078000 	C:\WINDOWS\System32\PSAPI.DLL
0x0000025a55fa0000 - 0x0000025a55fa4000 	C:\javafx-sdk-24\bin\api-ms-win-core-heap-l1-1-0.dll

dbghelp: loaded successfully - version: 4.0.5 - missing functions: none
symbol engine: initialized successfully - sym options: 0x614 - pdb path: .;C:\Users\tigas\.jdks\openjdk-23.0.1\bin;C:\WINDOWS\SYSTEM32;C:\WINDOWS\WinSxS\amd64_microsoft.windows.common-controls_6595b64144ccf1df_6.0.26100.3624_none_3e086962e3345f24;C:\Users\tigas\.jdks\openjdk-23.0.1\bin\server;C:\javafx-sdk-24\bin

VM Arguments:
jvm_args: --module-path=C:\javafx-sdk-24\lib --add-modules=javafx.controls,javafx.fxml -javaagent:C:\Program Files\JetBrains\IntelliJ IDEA 2024.3.5\lib\idea_rt.jar=51157 -Dfile.encoding=UTF-8 -Dsun.stdout.encoding=UTF-8 -Dsun.stderr.encoding=UTF-8 
java_command: com.example.gestaooleos.UI.MainApp
java_class_path (initial): C:\Users\tigas\OneDrive\Documents\GitHub\GestaoOleos\target\classes;C:\Users\tigas\.m2\repository\org\springframework\boot\spring-boot-starter-data-jdbc\3.4.4\spring-boot-starter-data-jdbc-3.4.4.jar;C:\Users\tigas\.m2\repository\org\springframework\boot\spring-boot-starter-jdbc\3.4.4\spring-boot-starter-jdbc-3.4.4.jar;C:\Users\tigas\.m2\repository\com\zaxxer\HikariCP\5.1.0\HikariCP-5.1.0.jar;C:\Users\tigas\.m2\repository\org\springframework\spring-jdbc\6.2.5\spring-jdbc-6.2.5.jar;C:\Users\tigas\.m2\repository\org\springframework\data\spring-data-jdbc\3.4.4\spring-data-jdbc-3.4.4.jar;C:\Users\tigas\.m2\repository\org\springframework\data\spring-data-relational\3.4.4\spring-data-relational-3.4.4.jar;C:\Users\tigas\.m2\repository\org\springframework\data\spring-data-commons\3.4.4\spring-data-commons-3.4.4.jar;C:\Users\tigas\.m2\repository\org\springframework\spring-tx\6.2.5\spring-tx-6.2.5.jar;C:\Users\tigas\.m2\repository\org\springframework\spring-context\6.2.5\spring-context-6.2.5.jar;C:\Users\tigas\.m2\repository\org\springframework\spring-beans\6.2.5\spring-beans-6.2.5.jar;C:\Users\tigas\.m2\repository\org\slf4j\slf4j-api\2.0.17\slf4j-api-2.0.17.jar;C:\Users\tigas\.m2\repository\org\springframework\boot\spring-boot-starter-web\3.4.4\spring-boot-starter-web-3.4.4.jar;C:\Users\tigas\.m2\repository\org\springframework\boot\spring-boot-starter\3.4.4\spring-boot-starter-3.4.4.jar;C:\Users\tigas\.m2\repository\org\springframework\boot\spring-boot-starter-logging\3.4.4\spring-boot-starter-logging-3.4.4.jar;C:\Users\tigas\.m2\repository\ch\qos\logback\logback-classic\1.5.18\logback-classic-1.5.18.jar;C:\Users\tigas\.m2\repository\ch\qos\logback\logback-core\1.5.18\logback-core-1.5.18.jar;C:\Users\tigas\.m2\repository\org\apache\logging\log4j\log4j-to-slf4j\2.24.3\log4j-to-slf4j-2.24.3.jar;C:\Users\tigas\.m2\repository\org\apache\logging\log4j\log4j-api\2.24.3\log4j-api-2.24.3.jar;C:\Users\tigas\.m2\repository\org\slf4j\jul-to-slf4j\2.0.17\jul-to-slf4j-2.0.17.jar;C:\Users\tigas\.m2\repository\jakarta\annotation\jakarta.annotation-api\2.1.1\jakarta.annotation-api-2.1.1.jar;C:\Users\tigas\.m2\repository\org\yaml\snakeyaml\2.3\snakeyaml-2.3.jar;C:\Users\tigas\.m2\repository\org\springframework\boot\spring-boot-starter-json\3.4.4\spring-boot-starter-json-3.4.4.jar;C:\Users\tigas\.m2\repository\com\fasterxml\jackson\core\jackson-databind\2.18.3\jackson-databind-2.18.3.jar;C:\Users\tigas\.m2\repository\com\fasterxml\jackson\core\jackson-annotations\2.18.3\jackson-annotations-2.18.3.jar;C:\Users\tigas\.m2\repository\com\fasterxml\jackson\core\jackson-core\2.18.3\jackson-core-2.18.3.jar;C:\Users\tigas\.m2\repository\com\fasterxml\jackson\datatype\jackson-datatype-jdk8\2.18.3\jackson-datatype-jdk8-2.18.3.jar;C:\Users\tigas\.m2\repository\com\fasterxml\jackson\datatype\jackson-datatype-jsr310\2.18.3\jackson-datatype-jsr310-2.18.3.jar;C:\Users\tigas\.m2\repository\com\fasterxml\jackson\module\jackson-module-parameter-names\2.18.3\jackson-module-parameter-names-2.18.3.jar;C:\Users\tigas\.m2\repository\org\springframework\boot\spring-boot-starter-tomcat\3.4.4\spring-boot-starter-tomcat-3.4.4.jar;C:\Users\tigas\.m2\repository\org\apache\tomcat\embed\tomcat-embed-core\10.1.39\tomcat-embed-core-10.1.39.jar;C:\Users\tigas\.m2\repository\org\apache\tomcat\embed\tomcat-embed-el\10.1.39\tomcat-embed-el-10.1.39.jar;C:\Users\tigas\.m2\repository\org\apache\tomcat\embed\tomcat-embed-websocket\10.1.39\tomcat-embed-websocket-10.1.39.jar;C:\Users\tigas\.m2\repository\org\springframework\spring-web\6.2.5\spring-web-6.2.5.jar;C:\Users\tigas\.m2\repository\io\micrometer\micrometer-observation\1.14.5\micrometer-observation-1.14.5.jar;C:\Users\tigas\.m2\repository\io\micrometer\micrometer-commons\1.14.5\micrometer-commons-1.14.5.jar;C:\Users\tigas\.m2\repository\org\springframework\spring-webmvc\6.2.5\spring-webmvc-6.2.5.jar;C:\Users\tigas\.m2\repository\org\springframework\spring-aop\6.2.5\spring-aop-6.2.5.jar;C:\Users\tigas\.m2\repository\org\springframework\spring-expression\6.2.5\spring-expression-6.2.5.jar;C:\Users\tigas\.m2\repository\org\springframework\boot\spring-boot-devtools\3.4.4\spring-boot-devtools-3.4.4.jar;C:\Users\tigas\.m2\repository\org\springframework\boot\spring-boot\3.4.4\spring-boot-3.4.4.jar;C:\Users\tigas\.m2\repository\org\springframework\boot\spring-boot-autoconfigure\3.4.4\spring-boot-autoconfigure-3.4.4.jar;C:\Users\tigas\.m2\repository\org\postgresql\postgresql\42.7.5\postgresql-42.7.5.jar;C:\Users\tigas\.m2\repository\org\checkerframework\checker-qual\3.48.3\checker-qual-3.48.3.jar;C:\Users\tigas\.m2\repository\org\projectlombok\lombok\1.18.36\lombok-1.18.36.jar;C:\Users\tigas\.m2\repository\org\springframework\spring-core\6.2.5\spring-core-6.2.5.jar;C:\Users\tigas\.m2\repository\org\springframework\spring-jcl\6.2.5\spring-jcl-6.2.5.jar;C:\Users\tigas\.m2\repository\org\openjfx\javafx-controls\20.0.1\javafx-controls-20.0.1.jar;C:\Users\tigas\.m2\repository\org\openjfx\javafx-controls\20.0.1\javafx-controls-20.0.1-win.jar;C:\Users\tigas\.m2\repository\org\openjfx\javafx-graphics\20.0.1\javafx-graphics-20.0.1.jar;C:\Users\tigas\.m2\repository\org\openjfx\javafx-graphics\20.0.1\javafx-graphics-20.0.1-win.jar;C:\Users\tigas\.m2\repository\org\openjfx\javafx-base\20.0.1\javafx-base-20.0.1.jar;C:\Users\tigas\.m2\repository\org\openjfx\javafx-base\20.0.1\javafx-base-20.0.1-win.jar;C:\Users\tigas\.m2\repository\org\openjfx\javafx-fxml\20.0.1\javafx-fxml-20.0.1.jar;C:\Users\tigas\.m2\repository\org\openjfx\javafx-fxml\20.0.1\javafx-fxml-20.0.1-win.jar
Launcher Type: SUN_STANDARD

[Global flags]
     intx CICompilerCount                          = 4                                         {product} {ergonomic}
     uint ConcGCThreads                            = 2                                         {product} {ergonomic}
     uint G1ConcRefinementThreads                  = 8                                         {product} {ergonomic}
   size_t G1HeapRegionSize                         = 1048576                                   {product} {ergonomic}
   size_t InitialHeapSize                          = 130023424                                 {product} {ergonomic}
   size_t MarkStackSize                            = 4194304                                   {product} {ergonomic}
   size_t MarkStackSizeMax                         = 536870912                                 {product} {ergonomic}
   size_t MaxHeapSize                              = 2067791872                                {product} {ergonomic}
   size_t MaxNewSize                               = 1240465408                                {product} {ergonomic}
   size_t MinHeapDeltaBytes                        = 1048576                                   {product} {ergonomic}
   size_t MinHeapSize                              = 8388608                                   {product} {ergonomic}
    uintx NonNMethodCodeHeapSize                   = 5832704                                {pd product} {ergonomic}
    uintx NonProfiledCodeHeapSize                  = 122945536                              {pd product} {ergonomic}
    uintx ProfiledCodeHeapSize                     = 122880000                              {pd product} {ergonomic}
    uintx ReservedCodeCacheSize                    = 251658240                              {pd product} {ergonomic}
     bool SegmentedCodeCache                       = true                                      {product} {ergonomic}
   size_t SoftMaxHeapSize                          = 2067791872                             {manageable} {ergonomic}
     bool UseCompressedOops                        = true                           {product lp64_product} {ergonomic}
     bool UseG1GC                                  = true                                      {product} {ergonomic}
     bool UseLargePagesIndividualAllocation        = false                                  {pd product} {ergonomic}

Logging:
Log output configuration:
 #0: stdout all=warning uptime,level,tags foldmultilines=false
 #1: stderr all=off uptime,level,tags foldmultilines=false

Environment Variables:
PATH=C:\Program Files\Common Files\Oracle\Java\javapath;C:\Program Files\MongoDB\Server\8.0\bin;C:\Python312\;C:\app\tigas\product\21c\dbhomeXE\bin;C:\Windows\system32;C:\Windows;C:\Windows\System32\Wbem;C:\Windows\System32\WindowsPowerShell\v1.0\;C:\Windows\System32\OpenSSH\;C:\WINDOWS\system32;C:\WINDOWS;C:\WINDOWS\System32\Wbem;C:\WINDOWS\System32\WindowsPowerShell\v1.0\;C:\WINDOWS\System32\OpenSSH\;C:\Program Files (x86)\Microsoft SQL Server\160\Tools\Binn\;C:\Program Files\Microsoft SQL Server\160\Tools\Binn\;C:\Program Files\Microsoft SQL Server\Client SDK\ODBC\170\Tools\Binn\;C:\Program Files\Microsoft SQL Server\160\DTS\Binn\;C:\Program Files (x86)\Microsoft SQL Server\160\DTS\Binn\;C:\Program Files\Azure Data Studio\bin;C:\Program Files\Git\cmd;C:\Program Files\Git LFS;C:\Wamp.NET\.wdn\.php;C:\Wamp.NET\.wdn\.mysql;C:\Wamp.NET\.wdn\.pgsql;C:\ProgramData\chocolatey\bin;C:\Program Files\dotnet\;C:\Program Files\nodejs\;C:\Program Files\MongoDB\Server\8.0\bin;C:\WINDOWS\system32;C:\WINDOWS;C:\WINDOWS\System32\Wbem;C:\WINDOWS\System32\WindowsPowerShell\v1.0\;C:\WINDOWS\System32\OpenSSH\;C:\Program Files\Docker\Docker\resources\bin;C:\Program Files\PowerShell\7\;C:\Program Files\PostgreSQL\17\bin;;C:\Program Files\NVIDIA Corporation\NVIDIA app\NvDLISR;C:\Program Files (x86)\NVIDIA Corporation\PhysX\Common;C:\Users\tigas\AppData\Local\Microsoft\WindowsApps;C:\Users\tigas\AppData\Local\atom\bin;C:\Program Files\Azure Data Studio\bin;C:\Users\tigas\AppData\Local\Microsoft\WindowsApps;C:\Users\tigas\AppData\Local\GitHubDesktop\bin;C:\Users\tigas\.dotnet\tools;C:\Users\tigas\AppData\Roaming\npm;C:\Users\tigas\AppData\Local\Programs\Microsoft VS Code\bin;C:\Program Files\MongoDB\Server\8.0\bin;C:\Program Files\PostgreSQL\15\bin;;C:\Program Files\JetBrains\JetBrains Rider 2024.3.6\bin;;C:\Program Files\JetBrains\IntelliJ IDEA 2024.3.5\bin;
USERNAME=tigas
OS=Windows_NT
PROCESSOR_IDENTIFIER=Intel64 Family 6 Model 140 Stepping 1, GenuineIntel
TMP=C:\Users\tigas\AppData\Local\Temp
TEMP=C:\Users\tigas\AppData\Local\Temp




Periodic native trim disabled

---------------  S Y S T E M  ---------------

OS:
 Windows 11 , 64 bit Build 26100 (10.0.26100.3624)
OS uptime: 0 days 16:16 hours
Hyper-V role detected

CPU: total 8 (initial active 8) (4 cores per cpu, 2 threads per core) family 6 model 140 stepping 1 microcode 0x86, cx8, cmov, fxsr, ht, mmx, 3dnowpref, sse, sse2, sse3, ssse3, sse4.1, sse4.2, popcnt, lzcnt, tsc, tscinvbit, avx, avx2, aes, erms, clmul, bmi1, bmi2, adx, avx512f, avx512dq, avx512cd, avx512bw, avx512vl, sha, fma, vzeroupper, avx512_vpopcntdq, avx512_vpclmulqdq, avx512_vaes, avx512_vnni, clflush, clflushopt, clwb, avx512_vbmi2, avx512_vbmi, hv, rdtscp, rdpid, fsrm, gfni, avx512_bitalg, f16c, cet_ibt, cet_ss, avx512_ifma
Processor Information for the first 8 processors :
  Max Mhz: 2419, Current Mhz: 2419, Mhz Limit: 2419

Memory: 4k page, system-wide physical 7886M (686M free)
TotalPageFile size 20174M (AvailPageFile size 1M)
current process WorkingSet (physical memory assigned to process): 79M, peak: 79M
current process commit charge ("private bytes"): 228M, peak: 228M

vm_info: OpenJDK 64-Bit Server VM (23.0.1+11-39) for windows-amd64 JRE (23.0.1+11-39), built on 2024-09-30T07:20:43Z with MS VC++ 17.6 (VS2022)

END.
